
> # R version
> R.version.string
[1] "R version 4.2.2 (2022-10-31 ucrt)"

> ## Warning: Must install tidyverse package prior to running code
> 
> #### Project Code ####
> 
> ## 0 Load data and check metadata
> 
> family12 <- .... [TRUNCATED] 

> comment(family12)
[1] "Dataset with select observations and variables\n/ arakes-repl-data1.R / AMR / 2024-01-14"
[2] "Updated data with dummy variables / arakes-repl-data2.R / AMR / 2024-01-16"              
[3] "Updated data with family variables recoded / arakes-repl-data3.R / AMR / 2024-01-16"     
[4] "Updated data with nuclear family index / arakes-repl-data4.R / AMR / 2024-01-17"         
[5] "Final dataset with extended family variable / arakes-repl-data5.R / AMR / 2024-01-17"    

> library(tidyverse)

> #### Extended Family Variable Desc Stats ####
> 
> 
> ## 1 Overall Stats
> mean(family12$extfamily, na.rm = TRUE)
[1] 1.773413

> sd(family12$extfamily, na.rm = TRUE)
[1] 0.6414669

> ## 2 Race stats for Ext Family
> stats0 <- select(family12, extfamily, hispanicB)

> stats0_drop <- stats0 %>% 
+   drop_na(extfamily)

> prop.table(table(stats0_drop$hispanicB))

         0          1          2 
0.02772643 0.84195933 0.13031423 

> stats1 <- select(family12, extfamily, whiteB)

> prop.table(table(stats1$whiteB))

        0         1 
0.1601098 0.8398902 

> stats2 <- select(family12, extfamily, blackB)

> prop.table(table(stats2$blackB))

        0         1 
0.8673376 0.1326624 

> ## 3 Geographic Mobility for Ext Family
> stats3 <- select(family12, extfamily, diffcityB)

> stats3_drop <- stats3 %>% 
+   drop_na(extfamily)

> prop.table(table(stats3_drop$diffcityB))

        0         1 
0.7402957 0.2597043 

> stats4 <- select(family12, extfamily, diffstateB)

> stats4_drop <- stats4 %>% 
+   drop_na(extfamily)

> prop.table(table(stats4_drop$diffstateB))

        0         1 
0.6950092 0.3049908 

> ## 4 Sex variable for Ext Family
> stats5 <- select(family12, extfamily, femaleB)

> stats5_drop <- stats5 %>% 
+   drop_na(extfamily)

> prop.table(table(stats5_drop$femaleB))

        0         1 
0.4842884 0.5157116 

> ## 5 Age variable for Ext Family
> stats6 <- select(family12, extfamily, age)

> stats6_drop <- stats6 %>% 
+   drop_na(extfamily)

> stats6_num <- as.data.frame(apply(stats6_drop, 2, as.numeric)) 

> mean(stats6_num$age, na.rm = TRUE)
[1] 45.72089

> sd(stats6_num$age, na.rm = TRUE)
[1] 17.08989

> ## 6 Marital status for Ext Family
> stats7 <- select(family12, extfamily, marriedB)

> stats7_drop <- stats7 %>% 
+   drop_na(extfamily)

> prop.table(table(stats7_drop$marriedB))

        0         1 
0.2837338 0.7162662 

> ## 7 Education variable for Ext Family
> stats8 <- select(family12, extfamily, educ)

> stats8_drop <- stats8 %>% 
+   drop_na(extfamily)

> stats8_num <- as.data.frame(apply(stats8_drop, 2, as.numeric)) 

> mean(stats8_num$educ, na.rm = TRUE) 
[1] 13.4

> sd(stats8_num$educ, na.rm = TRUE)
[1] 2.997558

> ## 8 Income variable for Ext Family
> stats9 <- select(family12, extfamily, RINCOM98)

> stats9_drop <- stats9 %>% 
+   drop_na(extfamily)

> stats9_num <- as.data.frame(apply(stats9_drop, 2, as.numeric)) 

> mean(stats9_num$RINCOM98, na.rm = TRUE)
[1] 14.02969

> sd(stats9_num$RINCOM98, na.rm = TRUE)
[1] 5.622511

> # close log
> sink()
