
> # R version
> R.version.string
[1] "R version 4.2.2 (2022-10-31 ucrt)"

> ## Warning: Must install tidyverse package prior to running code
> 
> #### Project Code ####
> 
> ## 0 Load data and check metadata
> 
> family12 <- .... [TRUNCATED] 

> comment(family12)
[1] "Dataset with select observations and variables\n/ arakes-repl-data1.R / AMR / 2024-01-14"
[2] "Updated data with dummy variables / arakes-repl-data2.R / AMR / 2024-01-16"              
[3] "Updated data with family variables recoded / arakes-repl-data3.R / AMR / 2024-01-16"     
[4] "Updated data with nuclear family index / arakes-repl-data4.R / AMR / 2024-01-17"         
[5] "Final dataset with extended family variable / arakes-repl-data5.R / AMR / 2024-01-17"    

> library(tidyverse)

> #### Nuclear Family Variable Desc Stats ####
> 
> ## 1 Overall Stats
> mean(family12$nucfamily, na.rm = TRUE)
[1] 3.420171

> sd(family12$nucfamily, na.rm = TRUE)
[1] 1.35942

> ## 2 Race stats for Nuc Family
> stats0 <- select(family12, nucfamily, hispanicB)

> stats0_drop <- stats0 %>% 
+   drop_na(nucfamily)

> prop.table(table(stats0_drop$hispanicB))

         0          1          2 
0.02803738 0.83831776 0.13364486 

> stats1 <- select(family12, nucfamily, whiteB)

> prop.table(table(stats1$whiteB))

        0         1 
0.1601098 0.8398902 

> stats2 <- select(family12, nucfamily, blackB)

> prop.table(table(stats2$blackB))

        0         1 
0.8673376 0.1326624 

> ## 3 Geographic Mobility for Nuc Family
> stats3 <- select(family12, nucfamily, diffcityB)

> stats3_drop <- stats3 %>% 
+   drop_na(nucfamily)

> prop.table(table(stats3_drop$diffcityB))

       0        1 
0.735514 0.264486 

> stats4 <- select(family12, nucfamily, diffstateB)

> stats4_drop <- stats4 %>% 
+   drop_na(nucfamily)

> prop.table(table(stats4_drop$diffstateB))

        0         1 
0.6981308 0.3018692 

> ## 4 Sex variable for Nuc Family
> stats5 <- select(family12, nucfamily, femaleB)

> stats5_drop <- stats5 %>% 
+   drop_na(nucfamily)

> prop.table(table(stats5_drop$femaleB))

        0         1 
0.4841121 0.5158879 

> ## 5 Age variable for Nuc Family
> stats6 <- select(family12, nucfamily, age)

> stats6_drop <- stats6 %>% 
+   drop_na(nucfamily)

> stats6_num <- as.data.frame(apply(stats6_drop, 2, as.numeric)) 

> mean(stats6_num$age, na.rm = TRUE)
[1] 45.54673

> sd(stats6_num$age, na.rm = TRUE)
[1] 17.08744

> ## 6 Marital status for Nuc Family
> stats7 <- select(family12, nucfamily, marriedB)

> stats7_drop <- stats7 %>% 
+   drop_na(nucfamily)

> prop.table(table(stats7_drop$marriedB))

        0         1 
0.2794393 0.7205607 

> ## 7 Education variable for Nuc Family
> stats8 <- select(family12, nucfamily, educ)

> stats8_drop <- stats8 %>% 
+   drop_na(nucfamily)

> stats8_num <- as.data.frame(apply(stats8_drop, 2, as.numeric)) 

> mean(stats8_num$educ, na.rm = TRUE) 
[1] 13.39419

> sd(stats8_num$educ, na.rm = TRUE)
[1] 2.968287

> ## 8 Income variable for Nuc Family
> stats9 <- select(family12, nucfamily, RINCOM98)

> stats9_drop <- stats9 %>% 
+   drop_na(nucfamily)

> stats9_num <- as.data.frame(apply(stats9_drop, 2, as.numeric)) 

> mean(stats9_num$RINCOM98, na.rm = TRUE)
[1] 14.04229

> sd(stats9_num$RINCOM98, na.rm = TRUE)
[1] 5.612448

> # close log
> sink()
